<?xml version="1.0" encoding="UTF-8"?>
<!-- Generated by org.testng.reporters.JUnitXMLReporter -->
<testsuite hostname="DESKTOP-73PJK31" ignored="1" name="Test1(failed)" tests="1" failures="1" timestamp="2020-08-03T23:00:30 IST" time="0.048" errors="0">
  <testcase name="TestCaseFailed" time="0.005" classname="com.home.TestClass">
    <failure type="java.lang.AssertionError" message="did not expect to find [true] but found [false]">
      <![CDATA[java.lang.AssertionError: did not expect to find [true] but found [false]
at com.home.TestClass.TestCaseFailed(TestClass.java:30)
at java.util.ArrayList.forEach(ArrayList.java:1257)
... Removed 35 stack frames]]>
    </failure>
  </testcase> <!-- TestCaseFailed -->
  <testcase name="TestData" time="0.0" classname="com.home.TestClass">
    <ignored/>
  </testcase> <!-- TestData -->
</testsuite> <!-- Test1(failed) -->
