<?xml version="1.0" encoding="UTF-8"?>
<!-- Generated by org.testng.reporters.JUnitXMLReporter -->
<testsuite hostname="DESKTOP-73PJK31" ignored="0" name="Test1" tests="3" failures="1" timestamp="2020-08-03T22:56:40 IST" time="0.071" errors="0">
  <testcase name="TestCaseFailed" time="0.008" classname="com.home.TestClass">
    <failure type="java.lang.AssertionError" message="did not expect to find [true] but found [false]">
      <![CDATA[java.lang.AssertionError: did not expect to find [true] but found [false]
at com.home.TestClass.TestCaseFailed(TestClass.java:30)
at java.util.ArrayList.forEach(Unknown Source)
... Removed 35 stack frames]]>
    </failure>
  </testcase> <!-- TestCaseFailed -->
  <testcase name="TestData" time="0.0" classname="com.home.TestClass"/>
  <testcase name="TestData" time="0.001" classname="com.home.TestClass"/>
</testsuite> <!-- Test1 -->
